------------------------------------------------------------------------------------------------------------------------

[2024-04-09 05:01:29 #1 store] 
Database 'C:\Users\34688\Desktop\UNI\2.II\2.kuatri\SI\iterazioak\it2\miparteZ\Rides24\src\main\resources\rides.temp' is opened by 1756@LAPTOP-ITGLNV29

[2024-04-09 05:01:29 #2 type.registry] 
New type domain.User

[2024-04-09 05:01:29 #3 type.registry] 
New type domain.Driver

[2024-04-09 05:01:29 #4 type] 
Type domain.User is not enhanced.

[2024-04-09 05:01:29 #5 type] 
Type domain.Driver is not enhanced.

[2024-04-09 05:01:29 #6 type.registry] 
New type domain.Ride

[2024-04-09 05:01:29 #7 type.registry] 
New type domain.Car

[2024-04-09 05:01:29 #8 type] 
Type domain.Ride is not enhanced.

[2024-04-09 05:01:29 #9 type.registry] 
New type domain.Booking

[2024-04-09 05:01:29 #10 type] 
Type domain.Car is not enhanced.

[2024-04-09 05:01:29 #11 type] 
Type domain.Booking is not enhanced.

[2024-04-09 05:01:29 #12 type.registry] 
New type domain.Traveler

[2024-04-09 05:01:29 #13 type] 
Type domain.Traveler is not enhanced.

[2024-04-09 05:01:29 #14 type.registry] 
New type java.util.Vector<java.lang.Object>

[2024-04-09 05:01:29 #15 type.registry] 
New type java.util.Vector<domain.Car>

[2024-04-09 05:01:29 #16 type.registry] 
New type java.util.Vector<domain.Ride>

[2024-04-09 05:01:29 #17 type.registry] 
New type java.util.Vector<domain.Booking>

[2024-04-09 05:01:47 #18 type.registry] 
New type java.util.ArrayList<java.lang.Object>

[2024-04-09 05:01:47 #19 type.registry] 
New type java.util.ArrayList<domain.Booking>

[2024-04-09 05:01:47 #20 type.registry] 
New type com.objectdb.o.LMT

[2024-04-09 05:01:47 #21 type.registry] 
New type com.objectdb.o.VAL

[2024-04-09 05:01:47 #22 type.registry] 
New type com.objectdb.o.RFV

------------------------------------------------------------------------------------------------------------------------

[2024-04-09 05:04:26 #1 store] 
Database 'C:\Users\34688\Desktop\UNI\2.II\2.kuatri\SI\iterazioak\it2\miparteZ\Rides24\src\main\resources\rides.temp' is opened by 3400@LAPTOP-ITGLNV29

[2024-04-09 05:04:27 #2 type.registry] 
New type domain.User

[2024-04-09 05:04:27 #3 type.registry] 
New type domain.Driver

[2024-04-09 05:04:27 #4 type] 
Type domain.User is not enhanced.

[2024-04-09 05:04:27 #5 type] 
Type domain.Driver is not enhanced.

[2024-04-09 05:04:27 #6 type.registry] 
New type domain.Ride

[2024-04-09 05:04:27 #7 type.registry] 
New type domain.Car

[2024-04-09 05:04:27 #8 type] 
Type domain.Ride is not enhanced.

[2024-04-09 05:04:27 #9 type.registry] 
New type domain.Booking

[2024-04-09 05:04:27 #10 type] 
Type domain.Car is not enhanced.

[2024-04-09 05:04:27 #11 type] 
Type domain.Booking is not enhanced.

[2024-04-09 05:04:27 #12 type.registry] 
New type domain.Traveler

[2024-04-09 05:04:27 #13 type] 
Type domain.Traveler is not enhanced.

[2024-04-09 05:04:27 #14 type.registry] 
New type java.util.Vector<java.lang.Object>

[2024-04-09 05:04:27 #15 type.registry] 
New type java.util.Vector<domain.Car>

[2024-04-09 05:04:27 #16 type.registry] 
New type java.util.Vector<domain.Ride>

[2024-04-09 05:04:27 #17 type.registry] 
New type java.util.Vector<domain.Booking>

[2024-04-09 05:04:35 #18 type.registry] 
New type java.util.ArrayList<java.lang.Object>

[2024-04-09 05:04:35 #19 type.registry] 
New type java.util.ArrayList<domain.Booking>

[2024-04-09 05:04:35 #20 type.registry] 
New type com.objectdb.o.LMT

[2024-04-09 05:04:35 #21 type.registry] 
New type com.objectdb.o.VAL

[2024-04-09 05:04:35 #22 type.registry] 
New type com.objectdb.o.RFV

[2024-04-09 05:04:40 #23 type.registry] 
New type domain.Movements

[2024-04-09 05:04:40 #24 type] 
Type domain.Movements is not enhanced.

------------------------------------------------------------------------------------------------------------------------

[2024-04-09 21:17:59 #1 store] 
Database 'C:\Users\34688\Desktop\UNI\2.II\2.kuatri\SI\iterazioak\it2\miparteZ\Rides24\src\main\resources\rides.temp' is opened by 24648@LAPTOP-ITGLNV29

[2024-04-09 21:17:59 #2 type.registry] 
New type domain.User

[2024-04-09 21:17:59 #3 type.registry] 
New type domain.Driver

[2024-04-09 21:17:59 #4 type] 
Type domain.User is not enhanced.

[2024-04-09 21:17:59 #5 type] 
Type domain.Driver is not enhanced.

[2024-04-09 21:17:59 #6 type.registry] 
New type domain.Ride

[2024-04-09 21:17:59 #7 type.registry] 
New type domain.Car

[2024-04-09 21:17:59 #8 type] 
Type domain.Ride is not enhanced.

[2024-04-09 21:17:59 #9 type.registry] 
New type domain.Booking

[2024-04-09 21:17:59 #10 type] 
Type domain.Car is not enhanced.

[2024-04-09 21:17:59 #11 type] 
Type domain.Booking is not enhanced.

[2024-04-09 21:17:59 #12 type.registry] 
New type domain.Traveler

[2024-04-09 21:17:59 #13 type] 
Type domain.Traveler is not enhanced.

[2024-04-09 21:17:59 #14 type.registry] 
New type java.util.Vector<java.lang.Object>

[2024-04-09 21:17:59 #15 type.registry] 
New type java.util.Vector<domain.Car>

[2024-04-09 21:17:59 #16 type.registry] 
New type java.util.Vector<domain.Ride>

[2024-04-09 21:17:59 #17 type.registry] 
New type java.util.Vector<domain.Booking>

[2024-04-09 21:18:45 #18 type.registry] 
New type java.util.ArrayList<java.lang.Object>

[2024-04-09 21:18:45 #19 type.registry] 
New type java.util.ArrayList<domain.Booking>

[2024-04-09 21:18:45 #20 type.registry] 
New type com.objectdb.o.LMT

[2024-04-09 21:18:45 #21 type.registry] 
New type com.objectdb.o.VAL

[2024-04-09 21:18:45 #22 type.registry] 
New type com.objectdb.o.RFV

------------------------------------------------------------------------------------------------------------------------

[2024-04-09 23:08:45 #1 store] 
Database 'C:\Users\34688\Desktop\UNI\2.II\2.kuatri\SI\iterazioak\it2\miparteZ\Rides24\src\main\resources\rides.temp' is opened by 27532@LAPTOP-ITGLNV29

[2024-04-09 23:08:45 #2 type.registry] 
New type domain.User

[2024-04-09 23:08:45 #3 type.registry] 
New type domain.Driver

[2024-04-09 23:08:45 #4 type] 
Type domain.User is not enhanced.

[2024-04-09 23:08:45 #5 type] 
Type domain.Driver is not enhanced.

[2024-04-09 23:08:45 #6 type.registry] 
New type domain.Ride

[2024-04-09 23:08:45 #7 type.registry] 
New type domain.Car

[2024-04-09 23:08:45 #8 type] 
Type domain.Ride is not enhanced.

[2024-04-09 23:08:45 #9 type.registry] 
New type domain.Booking

[2024-04-09 23:08:45 #10 type] 
Type domain.Car is not enhanced.

[2024-04-09 23:08:45 #11 type] 
Type domain.Booking is not enhanced.

[2024-04-09 23:08:45 #12 type.registry] 
New type domain.Traveler

[2024-04-09 23:08:45 #13 type] 
Type domain.Traveler is not enhanced.

[2024-04-09 23:08:45 #14 type.registry] 
New type java.util.Vector<java.lang.Object>

[2024-04-09 23:08:45 #15 type.registry] 
New type java.util.Vector<domain.Car>

[2024-04-09 23:08:45 #16 type.registry] 
New type java.util.Vector<domain.Ride>

[2024-04-09 23:08:45 #17 type.registry] 
New type java.util.Vector<domain.Booking>

[2024-04-09 23:08:56 #18 type.registry] 
New type java.util.ArrayList<java.lang.Object>

[2024-04-09 23:08:56 #19 type.registry] 
New type java.util.ArrayList<domain.Booking>

[2024-04-09 23:08:56 #20 type.registry] 
New type com.objectdb.o.LMT

[2024-04-09 23:08:56 #21 type.registry] 
New type com.objectdb.o.VAL

[2024-04-09 23:08:56 #22 type.registry] 
New type com.objectdb.o.RFV

