------------------------------------------------------------------------------------------------------------------------

[2024-02-28 15:10:13 #1 store] 
Database 'C:\Users\ehu\Desktop\wspoo\Rides24\src\main\resources\rides.temp' is opened by 2568@U030080

[2024-02-28 15:10:13 #2 type.registry] 
New type domain.User

[2024-02-28 15:10:13 #3 type.registry] 
New type domain.Driver

[2024-02-28 15:10:13 #4 type] 
Type domain.Driver is not enhanced.

[2024-02-28 15:10:13 #5 type.registry] 
New type domain.Ride

[2024-02-28 15:10:13 #6 type] 
Type domain.Ride is not enhanced.

[2024-02-28 15:10:13 #7 type.registry] 
New type java.util.Vector<java.lang.Object>

[2024-02-28 15:10:13 #8 type.registry] 
New type java.util.Vector<domain.Ride>

------------------------------------------------------------------------------------------------------------------------

[2024-02-28 15:11:57 #1 store] 
Database 'C:\Users\ehu\Desktop\wspoo\Rides24\src\main\resources\rides.temp' is opened by 15608@U030080

[2024-02-28 15:11:57 #2 type.registry] 
New type domain.User

[2024-02-28 15:11:57 #3 type.registry] 
New type domain.Driver

[2024-02-28 15:11:57 #4 type] 
Type domain.Driver is not enhanced.

[2024-02-28 15:11:57 #5 type.registry] 
New type domain.Ride

[2024-02-28 15:11:57 #6 type] 
Type domain.Ride is not enhanced.

[2024-02-28 15:11:57 #7 type.registry] 
New type java.util.Vector<java.lang.Object>

[2024-02-28 15:11:57 #8 type.registry] 
New type java.util.Vector<domain.Ride>

------------------------------------------------------------------------------------------------------------------------

[2024-02-28 15:13:13 #1 store] 
Database 'C:\Users\ehu\Desktop\wspoo\Rides24\src\main\resources\rides.temp' is opened by 18164@U030080

[2024-02-28 15:13:13 #2 type.registry] 
New type domain.User

[2024-02-28 15:13:13 #3 type.registry] 
New type domain.Driver

[2024-02-28 15:13:13 #4 type] 
Type domain.Driver is not enhanced.

[2024-02-28 15:13:13 #5 type.registry] 
New type domain.Ride

[2024-02-28 15:13:13 #6 type] 
Type domain.Ride is not enhanced.

[2024-02-28 15:13:13 #7 type.registry] 
New type java.util.Vector<java.lang.Object>

[2024-02-28 15:13:13 #8 type.registry] 
New type java.util.Vector<domain.Ride>

------------------------------------------------------------------------------------------------------------------------

[2024-02-28 15:24:13 #1 store] 
Database 'C:\Users\ehu\Desktop\wspoo\Rides24\src\main\resources\rides.temp' is opened by 17436@U030080

[2024-02-28 15:24:13 #2 type.registry] 
New type domain.User

[2024-02-28 15:24:13 #3 type.registry] 
New type domain.Driver

[2024-02-28 15:24:13 #4 type] 
Type domain.Driver is not enhanced.

[2024-02-28 15:24:13 #5 type.registry] 
New type domain.Ride

[2024-02-28 15:24:13 #6 type] 
Type domain.Ride is not enhanced.

[2024-02-28 15:24:14 #7 type.registry] 
New type java.util.Vector<java.lang.Object>

[2024-02-28 15:24:14 #8 type.registry] 
New type java.util.Vector<domain.Ride>

------------------------------------------------------------------------------------------------------------------------

[2024-02-28 15:27:52 #1 store] 
Database 'C:\Users\ehu\Desktop\wspoo\Rides24\src\main\resources\rides.temp' is opened by 15252@U030080

[2024-02-28 15:27:52 #2 type.registry] 
New type domain.User

[2024-02-28 15:27:52 #3 type.registry] 
New type domain.Driver

[2024-02-28 15:27:52 #4 type] 
Type domain.Driver is not enhanced.

[2024-02-28 15:27:52 #5 type.registry] 
New type domain.Ride

[2024-02-28 15:27:52 #6 type] 
Type domain.Ride is not enhanced.

[2024-02-28 15:27:52 #7 type.registry] 
New type java.util.Vector<java.lang.Object>

[2024-02-28 15:27:52 #8 type.registry] 
New type java.util.Vector<domain.Ride>

------------------------------------------------------------------------------------------------------------------------

[2024-02-28 15:28:30 #1 store] 
Database 'C:\Users\ehu\Desktop\wspoo\Rides24\src\main\resources\rides.temp' is opened by 17188@U030080

[2024-02-28 15:28:30 #2 type.registry] 
New type domain.User

[2024-02-28 15:28:30 #3 type.registry] 
New type domain.Driver

[2024-02-28 15:28:30 #4 type] 
Type domain.Driver is not enhanced.

[2024-02-28 15:28:30 #5 type.registry] 
New type domain.Ride

[2024-02-28 15:28:30 #6 type] 
Type domain.Ride is not enhanced.

[2024-02-28 15:28:30 #7 type.registry] 
New type java.util.Vector<java.lang.Object>

[2024-02-28 15:28:30 #8 type.registry] 
New type java.util.Vector<domain.Ride>

------------------------------------------------------------------------------------------------------------------------

[2024-02-28 15:32:19 #1 store] 
Database 'C:\Users\ehu\Desktop\wspoo\Rides24\src\main\resources\rides.temp' is opened by 18316@U030080

[2024-02-28 15:32:19 #2 type.registry] 
New type domain.User

[2024-02-28 15:32:19 #3 type.registry] 
New type domain.Driver

[2024-02-28 15:32:19 #4 type] 
Type domain.Driver is not enhanced.

[2024-02-28 15:32:19 #5 type.registry] 
New type domain.Ride

[2024-02-28 15:32:19 #6 type] 
Type domain.Ride is not enhanced.

[2024-02-28 15:32:19 #7 type.registry] 
New type java.util.Vector<java.lang.Object>

[2024-02-28 15:32:19 #8 type.registry] 
New type java.util.Vector<domain.Ride>

------------------------------------------------------------------------------------------------------------------------

[2024-02-28 15:34:35 #1 store] 
Database 'C:\Users\ehu\Desktop\wspoo\Rides24\src\main\resources\rides.temp' is opened by 2468@U030080

[2024-02-28 15:34:35 #2 type.registry] 
New type domain.User

[2024-02-28 15:34:35 #3 type.registry] 
New type domain.Driver

[2024-02-28 15:34:35 #4 type] 
Type domain.Driver is not enhanced.

[2024-02-28 15:34:35 #5 type.registry] 
New type domain.Ride

[2024-02-28 15:34:35 #6 type] 
Type domain.Ride is not enhanced.

[2024-02-28 15:34:35 #7 type.registry] 
New type java.util.Vector<java.lang.Object>

[2024-02-28 15:34:35 #8 type.registry] 
New type java.util.Vector<domain.Ride>

------------------------------------------------------------------------------------------------------------------------

[2024-02-28 16:18:01 #1 store] 
Database 'C:\Users\ehu\Desktop\wspoo\Rides24\src\main\resources\rides.temp' is opened by 16316@U030080

[2024-02-28 16:18:01 #2 type.registry] 
New type domain.User

[2024-02-28 16:18:01 #3 type.registry] 
New type domain.Driver

[2024-02-28 16:18:01 #4 type] 
Type domain.Driver is not enhanced.

[2024-02-28 16:18:01 #5 type.registry] 
New type domain.Ride

[2024-02-28 16:18:01 #6 type] 
Type domain.Ride is not enhanced.

[2024-02-28 16:18:01 #7 type.registry] 
New type java.util.Vector<java.lang.Object>

[2024-02-28 16:18:01 #8 type.registry] 
New type java.util.Vector<domain.Ride>

------------------------------------------------------------------------------------------------------------------------

[2024-02-28 16:19:45 #1 store] 
Database 'C:\Users\ehu\Desktop\wspoo\Rides24\src\main\resources\rides.temp' is opened by 3692@U030080

[2024-02-28 16:19:45 #2 type.registry] 
New type domain.User

[2024-02-28 16:19:45 #3 type.registry] 
New type domain.Driver

[2024-02-28 16:19:45 #4 type] 
Type domain.Driver is not enhanced.

[2024-02-28 16:19:45 #5 type.registry] 
New type domain.Ride

[2024-02-28 16:19:45 #6 type] 
Type domain.Ride is not enhanced.

[2024-02-28 16:19:45 #7 type.registry] 
New type java.util.Vector<java.lang.Object>

[2024-02-28 16:19:45 #8 type.registry] 
New type java.util.Vector<domain.Ride>

------------------------------------------------------------------------------------------------------------------------

[2024-02-28 16:20:29 #1 store] 
Database 'C:\Users\ehu\Desktop\wspoo\Rides24\src\main\resources\rides.temp' is opened by 11788@U030080

[2024-02-28 16:20:29 #2 type.registry] 
New type domain.User

[2024-02-28 16:20:29 #3 type.registry] 
New type domain.Driver

[2024-02-28 16:20:29 #4 type] 
Type domain.Driver is not enhanced.

[2024-02-28 16:20:29 #5 type.registry] 
New type domain.Ride

[2024-02-28 16:20:29 #6 type] 
Type domain.Ride is not enhanced.

[2024-02-28 16:20:29 #7 type.registry] 
New type java.util.Vector<java.lang.Object>

[2024-02-28 16:20:29 #8 type.registry] 
New type java.util.Vector<domain.Ride>

------------------------------------------------------------------------------------------------------------------------

[2024-02-28 16:29:29 #1 store] 
Database 'C:\Users\ehu\Desktop\wspoo\Rides24\src\main\resources\rides.temp' is opened by 1164@U030080

[2024-02-28 16:29:29 #2 type.registry] 
New type domain.User

[2024-02-28 16:29:29 #3 type.registry] 
New type domain.Driver

[2024-02-28 16:29:29 #4 type] 
Type domain.Driver is not enhanced.

[2024-02-28 16:29:29 #5 type.registry] 
New type domain.Ride

[2024-02-28 16:29:29 #6 type] 
Type domain.Ride is not enhanced.

[2024-02-28 16:29:29 #7 type.registry] 
New type java.util.Vector<java.lang.Object>

[2024-02-28 16:29:29 #8 type.registry] 
New type java.util.Vector<domain.Ride>

------------------------------------------------------------------------------------------------------------------------

[2024-02-28 16:30:19 #1 store] 
Database 'C:\Users\ehu\Desktop\wspoo\Rides24\src\main\resources\rides.temp' is opened by 5808@U030080

[2024-02-28 16:30:19 #2 type.registry] 
New type domain.User

[2024-02-28 16:30:19 #3 type.registry] 
New type domain.Driver

[2024-02-28 16:30:19 #4 type] 
Type domain.Driver is not enhanced.

[2024-02-28 16:30:19 #5 type.registry] 
New type domain.Ride

[2024-02-28 16:30:19 #6 type] 
Type domain.Ride is not enhanced.

[2024-02-28 16:30:19 #7 type.registry] 
New type java.util.Vector<java.lang.Object>

[2024-02-28 16:30:19 #8 type.registry] 
New type java.util.Vector<domain.Ride>

------------------------------------------------------------------------------------------------------------------------

[2024-02-28 16:31:44 #1 store] 
Database 'C:\Users\ehu\Desktop\wspoo\Rides24\src\main\resources\rides.temp' is opened by 13188@U030080

[2024-02-28 16:31:44 #2 type.registry] 
New type domain.User

[2024-02-28 16:31:44 #3 type.registry] 
New type domain.Driver

[2024-02-28 16:31:44 #4 type] 
Type domain.Driver is not enhanced.

[2024-02-28 16:31:44 #5 type.registry] 
New type domain.Ride

[2024-02-28 16:31:44 #6 type] 
Type domain.Ride is not enhanced.

[2024-02-28 16:31:44 #7 type.registry] 
New type java.util.Vector<java.lang.Object>

[2024-02-28 16:31:44 #8 type.registry] 
New type java.util.Vector<domain.Ride>

------------------------------------------------------------------------------------------------------------------------

[2024-02-28 16:32:03 #1 store] 
Database 'C:\Users\ehu\Desktop\wspoo\Rides24\src\main\resources\rides.temp' is opened by 11132@U030080

[2024-02-28 16:32:03 #2 type.registry] 
New type domain.User

[2024-02-28 16:32:03 #3 type.registry] 
New type domain.Driver

[2024-02-28 16:32:03 #4 type] 
Type domain.Driver is not enhanced.

[2024-02-28 16:32:03 #5 type.registry] 
New type domain.Ride

[2024-02-28 16:32:03 #6 type] 
Type domain.Ride is not enhanced.

[2024-02-28 16:32:03 #7 type.registry] 
New type java.util.Vector<java.lang.Object>

[2024-02-28 16:32:03 #8 type.registry] 
New type java.util.Vector<domain.Ride>

------------------------------------------------------------------------------------------------------------------------

[2024-02-28 16:32:23 #1 store] 
Database 'C:\Users\ehu\Desktop\wspoo\Rides24\src\main\resources\rides.temp' is opened by 16248@U030080

[2024-02-28 16:32:23 #2 type.registry] 
New type domain.User

[2024-02-28 16:32:23 #3 type.registry] 
New type domain.Driver

[2024-02-28 16:32:23 #4 type] 
Type domain.Driver is not enhanced.

[2024-02-28 16:32:23 #5 type.registry] 
New type domain.Ride

[2024-02-28 16:32:23 #6 type] 
Type domain.Ride is not enhanced.

[2024-02-28 16:32:23 #7 type.registry] 
New type java.util.Vector<java.lang.Object>

[2024-02-28 16:32:23 #8 type.registry] 
New type java.util.Vector<domain.Ride>

------------------------------------------------------------------------------------------------------------------------

[2024-02-28 16:32:35 #1 store] 
Database 'C:\Users\ehu\Desktop\wspoo\Rides24\src\main\resources\rides.temp' is opened by 13032@U030080

[2024-02-28 16:32:35 #2 type.registry] 
New type domain.User

[2024-02-28 16:32:35 #3 type.registry] 
New type domain.Driver

[2024-02-28 16:32:35 #4 type] 
Type domain.Driver is not enhanced.

[2024-02-28 16:32:35 #5 type.registry] 
New type domain.Ride

[2024-02-28 16:32:35 #6 type] 
Type domain.Ride is not enhanced.

[2024-02-28 16:32:35 #7 type.registry] 
New type java.util.Vector<java.lang.Object>

[2024-02-28 16:32:35 #8 type.registry] 
New type java.util.Vector<domain.Ride>

------------------------------------------------------------------------------------------------------------------------

[2024-02-28 16:33:54 #1 store] 
Database 'C:\Users\ehu\Desktop\wspoo\Rides24\src\main\resources\rides.temp' is opened by 1944@U030080

[2024-02-28 16:33:54 #2 type.registry] 
New type domain.User

[2024-02-28 16:33:54 #3 type.registry] 
New type domain.Driver

[2024-02-28 16:33:54 #4 type] 
Type domain.Driver is not enhanced.

[2024-02-28 16:33:54 #5 type.registry] 
New type domain.Ride

[2024-02-28 16:33:54 #6 type] 
Type domain.Ride is not enhanced.

[2024-02-28 16:33:54 #7 type.registry] 
New type java.util.Vector<java.lang.Object>

[2024-02-28 16:33:54 #8 type.registry] 
New type java.util.Vector<domain.Ride>

------------------------------------------------------------------------------------------------------------------------

[2024-02-28 16:38:50 #1 store] 
Database 'C:\Users\ehu\Desktop\wspoo\Rides24\src\main\resources\rides.temp' is opened by 3744@U030080

[2024-02-28 16:38:51 #2 type.registry] 
New type domain.User

[2024-02-28 16:38:51 #3 type.registry] 
New type domain.Driver

[2024-02-28 16:38:51 #4 type] 
Type domain.Driver is not enhanced.

[2024-02-28 16:38:51 #5 type.registry] 
New type domain.Ride

[2024-02-28 16:38:51 #6 type] 
Type domain.Ride is not enhanced.

[2024-02-28 16:38:51 #7 type.registry] 
New type java.util.Vector<java.lang.Object>

[2024-02-28 16:38:51 #8 type.registry] 
New type java.util.Vector<domain.Ride>

------------------------------------------------------------------------------------------------------------------------

[2024-02-28 16:52:57 #1 store] 
Database 'C:\Users\ehu\Desktop\wspoo\Rides24\src\main\resources\rides.temp' is opened by 17640@U030080

[2024-02-28 16:52:57 #2 type.registry] 
New type domain.User

[2024-02-28 16:52:57 #3 type.registry] 
New type domain.Driver

[2024-02-28 16:52:57 #4 type] 
Type domain.Driver is not enhanced.

[2024-02-28 16:52:57 #5 type.registry] 
New type domain.Ride

[2024-02-28 16:52:57 #6 type] 
Type domain.Ride is not enhanced.

[2024-02-28 16:52:57 #7 type.registry] 
New type java.util.Vector<java.lang.Object>

[2024-02-28 16:52:57 #8 type.registry] 
New type java.util.Vector<domain.Ride>

------------------------------------------------------------------------------------------------------------------------

[2024-02-28 17:15:38 #1 store] 
Database 'C:\Users\ehu\Desktop\wspoo\Rides24\src\main\resources\rides.temp' is opened by 7908@U030080

[2024-02-28 17:15:38 #2 type.registry] 
New type domain.User

[2024-02-28 17:15:38 #3 type.registry] 
New type domain.Driver

[2024-02-28 17:15:38 #4 type] 
Type domain.Driver is not enhanced.

[2024-02-28 17:15:38 #5 type.registry] 
New type domain.Ride

[2024-02-28 17:15:38 #6 type] 
Type domain.Ride is not enhanced.

[2024-02-28 17:15:38 #7 type.registry] 
New type java.util.Vector<java.lang.Object>

[2024-02-28 17:15:38 #8 type.registry] 
New type java.util.Vector<domain.Ride>

------------------------------------------------------------------------------------------------------------------------

[2024-02-28 17:28:48 #1 store] 
Database 'C:\Users\ehu\Desktop\wspoo\Rides24\src\main\resources\rides.temp' is opened by 14624@U030080

[2024-02-28 17:28:48 #2 type.registry] 
New type domain.User

[2024-02-28 17:28:48 #3 type.registry] 
New type domain.Driver

[2024-02-28 17:28:48 #4 type] 
Type domain.Driver is not enhanced.

[2024-02-28 17:28:48 #5 type.registry] 
New type domain.Ride

[2024-02-28 17:28:48 #6 type] 
Type domain.Ride is not enhanced.

[2024-02-28 17:28:48 #7 type.registry] 
New type java.util.Vector<java.lang.Object>

[2024-02-28 17:28:48 #8 type.registry] 
New type java.util.Vector<domain.Ride>

------------------------------------------------------------------------------------------------------------------------

[2024-02-28 17:29:12 #1 store] 
Database 'C:\Users\ehu\Desktop\wspoo\Rides24\src\main\resources\rides.temp' is opened by 13132@U030080

[2024-02-28 17:29:13 #2 type.registry] 
New type domain.User

[2024-02-28 17:29:13 #3 type.registry] 
New type domain.Driver

[2024-02-28 17:29:13 #4 type] 
Type domain.Driver is not enhanced.

[2024-02-28 17:29:13 #5 type.registry] 
New type domain.Ride

[2024-02-28 17:29:13 #6 type] 
Type domain.Ride is not enhanced.

[2024-02-28 17:29:13 #7 type.registry] 
New type java.util.Vector<java.lang.Object>

[2024-02-28 17:29:13 #8 type.registry] 
New type java.util.Vector<domain.Ride>

