------------------------------------------------------------------------------------------------------------------------

[2024-04-04 16:56:06 #1 store] 
Database 'C:\Users\34688\Desktop\UNI\2.II\2.kuatri\SI\iterazioak\it2\miparteZ\Rides24\src\main\resources\rides.temp' is opened by 36200@LAPTOP-ITGLNV29

[2024-04-04 16:56:06 #2 type.registry] 
New type domain.User

[2024-04-04 16:56:06 #3 type.registry] 
New type domain.Driver

[2024-04-04 16:56:06 #4 type] 
Type domain.User is not enhanced.

[2024-04-04 16:56:06 #5 type] 
Type domain.Driver is not enhanced.

[2024-04-04 16:56:06 #6 type.registry] 
New type domain.Ride

[2024-04-04 16:56:06 #7 type.registry] 
New type domain.Car

[2024-04-04 16:56:06 #8 type] 
Type domain.Ride is not enhanced.

[2024-04-04 16:56:06 #9 type.registry] 
New type domain.Booking

[2024-04-04 16:56:06 #10 type] 
Type domain.Car is not enhanced.

[2024-04-04 16:56:06 #11 type] 
Type domain.Booking is not enhanced.

[2024-04-04 16:56:06 #12 type.registry] 
New type domain.Traveler

[2024-04-04 16:56:06 #13 type] 
Type domain.Traveler is not enhanced.

[2024-04-04 16:56:06 #14 type.registry] 
New type java.util.Vector<java.lang.Object>

[2024-04-04 16:56:06 #15 type.registry] 
New type java.util.Vector<domain.Car>

[2024-04-04 16:56:06 #16 type.registry] 
New type java.util.Vector<domain.Ride>

[2024-04-04 16:56:06 #17 type.registry] 
New type java.util.Vector<domain.Booking>

------------------------------------------------------------------------------------------------------------------------

[2024-04-04 17:08:21 #1 store] 
Database 'C:\Users\34688\Desktop\UNI\2.II\2.kuatri\SI\iterazioak\it2\miparteZ\Rides24\src\main\resources\rides.temp' is opened by 26256@LAPTOP-ITGLNV29

[2024-04-04 17:08:21 #2 type.registry] 
New type domain.User

[2024-04-04 17:08:21 #3 type.registry] 
New type domain.Driver

[2024-04-04 17:08:21 #4 type] 
Type domain.User is not enhanced.

[2024-04-04 17:08:21 #5 type] 
Type domain.Driver is not enhanced.

[2024-04-04 17:08:21 #6 type.registry] 
New type domain.Ride

[2024-04-04 17:08:21 #7 type.registry] 
New type domain.Car

[2024-04-04 17:08:21 #8 type] 
Type domain.Ride is not enhanced.

[2024-04-04 17:08:21 #9 type.registry] 
New type domain.Booking

[2024-04-04 17:08:21 #10 type] 
Type domain.Car is not enhanced.

[2024-04-04 17:08:21 #11 type] 
Type domain.Booking is not enhanced.

[2024-04-04 17:08:21 #12 type.registry] 
New type domain.Traveler

[2024-04-04 17:08:21 #13 type] 
Type domain.Traveler is not enhanced.

[2024-04-04 17:08:21 #14 type.registry] 
New type java.util.Vector<java.lang.Object>

[2024-04-04 17:08:21 #15 type.registry] 
New type java.util.Vector<domain.Car>

[2024-04-04 17:08:21 #16 type.registry] 
New type java.util.Vector<domain.Ride>

[2024-04-04 17:08:21 #17 type.registry] 
New type java.util.Vector<domain.Booking>

------------------------------------------------------------------------------------------------------------------------

[2024-04-04 17:22:10 #1 store] 
Database 'C:\Users\34688\Desktop\UNI\2.II\2.kuatri\SI\iterazioak\it2\miparteZ\Rides24\src\main\resources\rides.temp' is opened by 19800@LAPTOP-ITGLNV29

[2024-04-04 17:22:10 #2 type.registry] 
New type domain.User

[2024-04-04 17:22:10 #3 type.registry] 
New type domain.Driver

[2024-04-04 17:22:10 #4 type] 
Type domain.User is not enhanced.

[2024-04-04 17:22:10 #5 type] 
Type domain.Driver is not enhanced.

[2024-04-04 17:22:10 #6 type.registry] 
New type domain.Ride

[2024-04-04 17:22:10 #7 type.registry] 
New type domain.Car

[2024-04-04 17:22:10 #8 type] 
Type domain.Ride is not enhanced.

[2024-04-04 17:22:10 #9 type.registry] 
New type domain.Booking

[2024-04-04 17:22:10 #10 type] 
Type domain.Car is not enhanced.

[2024-04-04 17:22:10 #11 type] 
Type domain.Booking is not enhanced.

[2024-04-04 17:22:10 #12 type.registry] 
New type domain.Traveler

[2024-04-04 17:22:10 #13 type] 
Type domain.Traveler is not enhanced.

[2024-04-04 17:22:10 #14 type.registry] 
New type java.util.Vector<java.lang.Object>

[2024-04-04 17:22:10 #15 type.registry] 
New type java.util.Vector<domain.Car>

[2024-04-04 17:22:10 #16 type.registry] 
New type java.util.Vector<domain.Ride>

[2024-04-04 17:22:10 #17 type.registry] 
New type java.util.Vector<domain.Booking>

------------------------------------------------------------------------------------------------------------------------

[2024-04-04 17:24:52 #1 store] 
Database 'C:\Users\34688\Desktop\UNI\2.II\2.kuatri\SI\iterazioak\it2\miparteZ\Rides24\src\main\resources\rides.temp' is opened by 34568@LAPTOP-ITGLNV29

[2024-04-04 17:24:52 #2 type.registry] 
New type domain.User

[2024-04-04 17:24:52 #3 type.registry] 
New type domain.Driver

[2024-04-04 17:24:52 #4 type] 
Type domain.User is not enhanced.

[2024-04-04 17:24:52 #5 type] 
Type domain.Driver is not enhanced.

[2024-04-04 17:24:52 #6 type.registry] 
New type domain.Ride

[2024-04-04 17:24:52 #7 type.registry] 
New type domain.Car

[2024-04-04 17:24:52 #8 type] 
Type domain.Ride is not enhanced.

[2024-04-04 17:24:52 #9 type.registry] 
New type domain.Booking

[2024-04-04 17:24:52 #10 type] 
Type domain.Car is not enhanced.

[2024-04-04 17:24:52 #11 type] 
Type domain.Booking is not enhanced.

[2024-04-04 17:24:52 #12 type.registry] 
New type domain.Traveler

[2024-04-04 17:24:52 #13 type] 
Type domain.Traveler is not enhanced.

[2024-04-04 17:24:52 #14 type.registry] 
New type java.util.Vector<java.lang.Object>

[2024-04-04 17:24:52 #15 type.registry] 
New type java.util.Vector<domain.Car>

[2024-04-04 17:24:52 #16 type.registry] 
New type java.util.Vector<domain.Ride>

[2024-04-04 17:24:52 #17 type.registry] 
New type java.util.Vector<domain.Booking>

------------------------------------------------------------------------------------------------------------------------

[2024-04-04 17:26:01 #1 store] 
Database 'C:\Users\34688\Desktop\UNI\2.II\2.kuatri\SI\iterazioak\it2\miparteZ\Rides24\src\main\resources\rides.temp' is opened by 15148@LAPTOP-ITGLNV29

[2024-04-04 17:26:01 #2 type.registry] 
New type domain.User

[2024-04-04 17:26:01 #3 type.registry] 
New type domain.Driver

[2024-04-04 17:26:01 #4 type] 
Type domain.User is not enhanced.

[2024-04-04 17:26:01 #5 type] 
Type domain.Driver is not enhanced.

[2024-04-04 17:26:01 #6 type.registry] 
New type domain.Ride

[2024-04-04 17:26:01 #7 type.registry] 
New type domain.Car

[2024-04-04 17:26:01 #8 type] 
Type domain.Ride is not enhanced.

[2024-04-04 17:26:01 #9 type.registry] 
New type domain.Booking

[2024-04-04 17:26:01 #10 type] 
Type domain.Car is not enhanced.

[2024-04-04 17:26:01 #11 type] 
Type domain.Booking is not enhanced.

[2024-04-04 17:26:01 #12 type.registry] 
New type domain.Traveler

[2024-04-04 17:26:01 #13 type] 
Type domain.Traveler is not enhanced.

[2024-04-04 17:26:01 #14 type.registry] 
New type java.util.Vector<java.lang.Object>

[2024-04-04 17:26:01 #15 type.registry] 
New type java.util.Vector<domain.Car>

[2024-04-04 17:26:01 #16 type.registry] 
New type java.util.Vector<domain.Ride>

[2024-04-04 17:26:01 #17 type.registry] 
New type java.util.Vector<domain.Booking>

------------------------------------------------------------------------------------------------------------------------

[2024-04-04 17:27:30 #1 store] 
Database 'C:\Users\34688\Desktop\UNI\2.II\2.kuatri\SI\iterazioak\it2\miparteZ\Rides24\src\main\resources\rides.temp' is opened by 24716@LAPTOP-ITGLNV29

[2024-04-04 17:27:30 #2 type.registry] 
New type domain.User

[2024-04-04 17:27:30 #3 type.registry] 
New type domain.Driver

[2024-04-04 17:27:30 #4 type] 
Type domain.User is not enhanced.

[2024-04-04 17:27:30 #5 type] 
Type domain.Driver is not enhanced.

[2024-04-04 17:27:30 #6 type.registry] 
New type domain.Ride

[2024-04-04 17:27:30 #7 type.registry] 
New type domain.Car

[2024-04-04 17:27:30 #8 type] 
Type domain.Ride is not enhanced.

[2024-04-04 17:27:30 #9 type.registry] 
New type domain.Booking

[2024-04-04 17:27:30 #10 type] 
Type domain.Car is not enhanced.

[2024-04-04 17:27:30 #11 type] 
Type domain.Booking is not enhanced.

[2024-04-04 17:27:30 #12 type.registry] 
New type domain.Traveler

[2024-04-04 17:27:30 #13 type] 
Type domain.Traveler is not enhanced.

[2024-04-04 17:27:30 #14 type.registry] 
New type java.util.Vector<java.lang.Object>

[2024-04-04 17:27:30 #15 type.registry] 
New type java.util.Vector<domain.Car>

[2024-04-04 17:27:30 #16 type.registry] 
New type java.util.Vector<domain.Ride>

[2024-04-04 17:27:30 #17 type.registry] 
New type java.util.Vector<domain.Booking>

------------------------------------------------------------------------------------------------------------------------

[2024-04-04 17:32:35 #1 store] 
Database 'C:\Users\34688\Desktop\UNI\2.II\2.kuatri\SI\iterazioak\it2\miparteZ\Rides24\src\main\resources\rides.temp' is opened by 37296@LAPTOP-ITGLNV29

[2024-04-04 17:32:35 #2 type.registry] 
New type domain.User

[2024-04-04 17:32:35 #3 type.registry] 
New type domain.Driver

[2024-04-04 17:32:35 #4 type] 
Type domain.User is not enhanced.

[2024-04-04 17:32:35 #5 type] 
Type domain.Driver is not enhanced.

[2024-04-04 17:32:35 #6 type.registry] 
New type domain.Ride

[2024-04-04 17:32:35 #7 type.registry] 
New type domain.Car

[2024-04-04 17:32:35 #8 type] 
Type domain.Ride is not enhanced.

[2024-04-04 17:32:35 #9 type.registry] 
New type domain.Booking

[2024-04-04 17:32:35 #10 type] 
Type domain.Car is not enhanced.

[2024-04-04 17:32:35 #11 type] 
Type domain.Booking is not enhanced.

[2024-04-04 17:32:35 #12 type.registry] 
New type domain.Traveler

[2024-04-04 17:32:35 #13 type] 
Type domain.Traveler is not enhanced.

[2024-04-04 17:32:35 #14 type.registry] 
New type java.util.Vector<java.lang.Object>

[2024-04-04 17:32:35 #15 type.registry] 
New type java.util.Vector<domain.Car>

[2024-04-04 17:32:35 #16 type.registry] 
New type java.util.Vector<domain.Ride>

[2024-04-04 17:32:35 #17 type.registry] 
New type java.util.Vector<domain.Booking>

------------------------------------------------------------------------------------------------------------------------

[2024-04-04 17:42:56 #1 store] 
Database 'C:\Users\34688\Desktop\UNI\2.II\2.kuatri\SI\iterazioak\it2\miparteZ\Rides24\src\main\resources\rides.temp' is opened by 33304@LAPTOP-ITGLNV29

[2024-04-04 17:42:56 #2 type.registry] 
New type domain.User

[2024-04-04 17:42:56 #3 type.registry] 
New type domain.Driver

[2024-04-04 17:42:56 #4 type] 
Type domain.User is not enhanced.

[2024-04-04 17:42:56 #5 type] 
Type domain.Driver is not enhanced.

[2024-04-04 17:42:56 #6 type.registry] 
New type domain.Ride

[2024-04-04 17:42:56 #7 type.registry] 
New type domain.Car

[2024-04-04 17:42:56 #8 type] 
Type domain.Ride is not enhanced.

[2024-04-04 17:42:56 #9 type.registry] 
New type domain.Booking

[2024-04-04 17:42:56 #10 type] 
Type domain.Car is not enhanced.

[2024-04-04 17:42:56 #11 type] 
Type domain.Booking is not enhanced.

[2024-04-04 17:42:56 #12 type.registry] 
New type domain.Traveler

[2024-04-04 17:42:56 #13 type] 
Type domain.Traveler is not enhanced.

[2024-04-04 17:42:56 #14 type.registry] 
New type java.util.Vector<java.lang.Object>

[2024-04-04 17:42:56 #15 type.registry] 
New type java.util.Vector<domain.Car>

[2024-04-04 17:42:56 #16 type.registry] 
New type java.util.Vector<domain.Ride>

[2024-04-04 17:42:56 #17 type.registry] 
New type java.util.Vector<domain.Booking>

------------------------------------------------------------------------------------------------------------------------

[2024-04-04 18:02:52 #1 store] 
Database 'C:\Users\34688\Desktop\UNI\2.II\2.kuatri\SI\iterazioak\it2\miparteZ\Rides24\src\main\resources\rides.temp' is opened by 36952@LAPTOP-ITGLNV29

[2024-04-04 18:02:52 #2 type.registry] 
New type domain.User

[2024-04-04 18:02:52 #3 type.registry] 
New type domain.Driver

[2024-04-04 18:02:52 #4 type] 
Type domain.User is not enhanced.

[2024-04-04 18:02:52 #5 type] 
Type domain.Driver is not enhanced.

[2024-04-04 18:02:52 #6 type.registry] 
New type domain.Ride

[2024-04-04 18:02:52 #7 type.registry] 
New type domain.Car

[2024-04-04 18:02:52 #8 type] 
Type domain.Ride is not enhanced.

[2024-04-04 18:02:52 #9 type.registry] 
New type domain.Booking

[2024-04-04 18:02:52 #10 type] 
Type domain.Car is not enhanced.

[2024-04-04 18:02:52 #11 type] 
Type domain.Booking is not enhanced.

[2024-04-04 18:02:52 #12 type.registry] 
New type domain.Traveler

[2024-04-04 18:02:52 #13 type] 
Type domain.Traveler is not enhanced.

[2024-04-04 18:02:52 #14 type.registry] 
New type java.util.Vector<java.lang.Object>

[2024-04-04 18:02:52 #15 type.registry] 
New type java.util.Vector<domain.Car>

[2024-04-04 18:02:52 #16 type.registry] 
New type java.util.Vector<domain.Ride>

[2024-04-04 18:02:52 #17 type.registry] 
New type java.util.Vector<domain.Booking>

------------------------------------------------------------------------------------------------------------------------

[2024-04-04 18:04:51 #1 store] 
Database 'C:\Users\34688\Desktop\UNI\2.II\2.kuatri\SI\iterazioak\it2\miparteZ\Rides24\src\main\resources\rides.temp' is opened by 7076@LAPTOP-ITGLNV29

[2024-04-04 18:04:51 #2 type.registry] 
New type domain.User

[2024-04-04 18:04:51 #3 type.registry] 
New type domain.Driver

[2024-04-04 18:04:51 #4 type] 
Type domain.User is not enhanced.

[2024-04-04 18:04:51 #5 type] 
Type domain.Driver is not enhanced.

[2024-04-04 18:04:51 #6 type.registry] 
New type domain.Ride

[2024-04-04 18:04:51 #7 type.registry] 
New type domain.Car

[2024-04-04 18:04:51 #8 type] 
Type domain.Ride is not enhanced.

[2024-04-04 18:04:51 #9 type.registry] 
New type domain.Booking

[2024-04-04 18:04:51 #10 type] 
Type domain.Car is not enhanced.

[2024-04-04 18:04:51 #11 type] 
Type domain.Booking is not enhanced.

[2024-04-04 18:04:51 #12 type.registry] 
New type domain.Traveler

[2024-04-04 18:04:51 #13 type] 
Type domain.Traveler is not enhanced.

[2024-04-04 18:04:51 #14 type.registry] 
New type java.util.Vector<java.lang.Object>

[2024-04-04 18:04:51 #15 type.registry] 
New type java.util.Vector<domain.Car>

[2024-04-04 18:04:51 #16 type.registry] 
New type java.util.Vector<domain.Ride>

[2024-04-04 18:04:51 #17 type.registry] 
New type java.util.Vector<domain.Booking>

------------------------------------------------------------------------------------------------------------------------

[2024-04-04 18:18:09 #1 store] 
Database 'C:\Users\34688\Desktop\UNI\2.II\2.kuatri\SI\iterazioak\it2\miparteZ\Rides24\src\main\resources\rides.temp' is opened by 9808@LAPTOP-ITGLNV29

[2024-04-04 18:18:10 #2 type.registry] 
New type domain.User

[2024-04-04 18:18:10 #3 type.registry] 
New type domain.Driver

[2024-04-04 18:18:10 #4 type] 
Type domain.User is not enhanced.

[2024-04-04 18:18:10 #5 type] 
Type domain.Driver is not enhanced.

[2024-04-04 18:18:10 #6 type.registry] 
New type domain.Ride

[2024-04-04 18:18:10 #7 type.registry] 
New type domain.Car

[2024-04-04 18:18:10 #8 type] 
Type domain.Ride is not enhanced.

[2024-04-04 18:18:10 #9 type.registry] 
New type domain.Booking

[2024-04-04 18:18:10 #10 type] 
Type domain.Car is not enhanced.

[2024-04-04 18:18:10 #11 type] 
Type domain.Booking is not enhanced.

[2024-04-04 18:18:10 #12 type.registry] 
New type domain.Traveler

[2024-04-04 18:18:10 #13 type] 
Type domain.Traveler is not enhanced.

[2024-04-04 18:18:10 #14 type.registry] 
New type java.util.Vector<java.lang.Object>

[2024-04-04 18:18:10 #15 type.registry] 
New type java.util.Vector<domain.Car>

[2024-04-04 18:18:10 #16 type.registry] 
New type java.util.Vector<domain.Ride>

[2024-04-04 18:18:10 #17 type.registry] 
New type java.util.Vector<domain.Booking>

------------------------------------------------------------------------------------------------------------------------

[2024-04-04 18:35:49 #1 store] 
Database 'C:\Users\34688\Desktop\UNI\2.II\2.kuatri\SI\iterazioak\it2\miparteZ\Rides24\src\main\resources\rides.temp' is opened by 37448@LAPTOP-ITGLNV29

[2024-04-04 18:35:49 #2 type.registry] 
New type domain.User

[2024-04-04 18:35:49 #3 type.registry] 
New type domain.Driver

[2024-04-04 18:35:49 #4 type] 
Type domain.User is not enhanced.

[2024-04-04 18:35:49 #5 type] 
Type domain.Driver is not enhanced.

[2024-04-04 18:35:49 #6 type.registry] 
New type domain.Ride

[2024-04-04 18:35:49 #7 type.registry] 
New type domain.Car

[2024-04-04 18:35:49 #8 type] 
Type domain.Ride is not enhanced.

[2024-04-04 18:35:49 #9 type.registry] 
New type domain.Booking

[2024-04-04 18:35:49 #10 type] 
Type domain.Car is not enhanced.

[2024-04-04 18:35:49 #11 type] 
Type domain.Booking is not enhanced.

[2024-04-04 18:35:49 #12 type.registry] 
New type domain.Traveler

[2024-04-04 18:35:49 #13 type] 
Type domain.Traveler is not enhanced.

[2024-04-04 18:35:50 #14 type.registry] 
New type java.util.Vector<java.lang.Object>

[2024-04-04 18:35:50 #15 type.registry] 
New type java.util.Vector<domain.Car>

[2024-04-04 18:35:50 #16 type.registry] 
New type java.util.Vector<domain.Ride>

[2024-04-04 18:35:50 #17 type.registry] 
New type java.util.Vector<domain.Booking>

------------------------------------------------------------------------------------------------------------------------

[2024-04-04 18:40:57 #1 store] 
Database 'C:\Users\34688\Desktop\UNI\2.II\2.kuatri\SI\iterazioak\it2\miparteZ\Rides24\src\main\resources\rides.temp' is opened by 14664@LAPTOP-ITGLNV29

[2024-04-04 18:40:58 #2 type.registry] 
New type domain.User

[2024-04-04 18:40:58 #3 type.registry] 
New type domain.Driver

[2024-04-04 18:40:58 #4 type] 
Type domain.User is not enhanced.

[2024-04-04 18:40:58 #5 type] 
Type domain.Driver is not enhanced.

[2024-04-04 18:40:58 #6 type.registry] 
New type domain.Ride

[2024-04-04 18:40:58 #7 type.registry] 
New type domain.Car

[2024-04-04 18:40:58 #8 type] 
Type domain.Ride is not enhanced.

[2024-04-04 18:40:58 #9 type.registry] 
New type domain.Booking

[2024-04-04 18:40:58 #10 type] 
Type domain.Car is not enhanced.

[2024-04-04 18:40:58 #11 type] 
Type domain.Booking is not enhanced.

[2024-04-04 18:40:58 #12 type.registry] 
New type domain.Traveler

[2024-04-04 18:40:58 #13 type] 
Type domain.Traveler is not enhanced.

[2024-04-04 18:40:58 #14 type.registry] 
New type java.util.Vector<java.lang.Object>

[2024-04-04 18:40:58 #15 type.registry] 
New type java.util.Vector<domain.Car>

[2024-04-04 18:40:58 #16 type.registry] 
New type java.util.Vector<domain.Ride>

[2024-04-04 18:40:58 #17 type.registry] 
New type java.util.Vector<domain.Booking>

------------------------------------------------------------------------------------------------------------------------

[2024-04-04 18:42:36 #1 store] 
Database 'C:\Users\34688\Desktop\UNI\2.II\2.kuatri\SI\iterazioak\it2\miparteZ\Rides24\src\main\resources\rides.temp' is opened by 19888@LAPTOP-ITGLNV29

[2024-04-04 18:42:36 #2 type.registry] 
New type domain.User

[2024-04-04 18:42:36 #3 type.registry] 
New type domain.Driver

[2024-04-04 18:42:36 #4 type] 
Type domain.User is not enhanced.

[2024-04-04 18:42:36 #5 type] 
Type domain.Driver is not enhanced.

[2024-04-04 18:42:36 #6 type.registry] 
New type domain.Ride

[2024-04-04 18:42:36 #7 type.registry] 
New type domain.Car

[2024-04-04 18:42:36 #8 type] 
Type domain.Ride is not enhanced.

[2024-04-04 18:42:36 #9 type.registry] 
New type domain.Booking

[2024-04-04 18:42:36 #10 type] 
Type domain.Car is not enhanced.

[2024-04-04 18:42:36 #11 type] 
Type domain.Booking is not enhanced.

[2024-04-04 18:42:36 #12 type.registry] 
New type domain.Traveler

[2024-04-04 18:42:36 #13 type] 
Type domain.Traveler is not enhanced.

[2024-04-04 18:42:36 #14 type.registry] 
New type java.util.Vector<java.lang.Object>

[2024-04-04 18:42:36 #15 type.registry] 
New type java.util.Vector<domain.Car>

[2024-04-04 18:42:36 #16 type.registry] 
New type java.util.Vector<domain.Ride>

[2024-04-04 18:42:36 #17 type.registry] 
New type java.util.Vector<domain.Booking>

------------------------------------------------------------------------------------------------------------------------

[2024-04-04 18:44:04 #1 store] 
Database 'C:\Users\34688\Desktop\UNI\2.II\2.kuatri\SI\iterazioak\it2\miparteZ\Rides24\src\main\resources\rides.temp' is opened by 7332@LAPTOP-ITGLNV29

[2024-04-04 18:44:04 #2 type.registry] 
New type domain.User

[2024-04-04 18:44:04 #3 type.registry] 
New type domain.Driver

[2024-04-04 18:44:04 #4 type] 
Type domain.User is not enhanced.

[2024-04-04 18:44:04 #5 type] 
Type domain.Driver is not enhanced.

[2024-04-04 18:44:04 #6 type.registry] 
New type domain.Ride

[2024-04-04 18:44:04 #7 type.registry] 
New type domain.Car

[2024-04-04 18:44:04 #8 type] 
Type domain.Ride is not enhanced.

[2024-04-04 18:44:04 #9 type.registry] 
New type domain.Booking

[2024-04-04 18:44:04 #10 type] 
Type domain.Car is not enhanced.

[2024-04-04 18:44:04 #11 type] 
Type domain.Booking is not enhanced.

[2024-04-04 18:44:04 #12 type.registry] 
New type domain.Traveler

[2024-04-04 18:44:04 #13 type] 
Type domain.Traveler is not enhanced.

[2024-04-04 18:44:04 #14 type.registry] 
New type java.util.Vector<java.lang.Object>

[2024-04-04 18:44:04 #15 type.registry] 
New type java.util.Vector<domain.Car>

[2024-04-04 18:44:04 #16 type.registry] 
New type java.util.Vector<domain.Ride>

[2024-04-04 18:44:04 #17 type.registry] 
New type java.util.Vector<domain.Booking>

