------------------------------------------------------------------------------------------------------------------------

[2024-04-12 15:39:10 #1 store] 
Database 'C:\Users\34688\Desktop\UNI\2.II\2.kuatri\SI\iterazioak\it2\miparteZ\Rides24\src\main\resources\rides.temp' is opened by 9000@LAPTOP-ITGLNV29

[2024-04-12 15:39:10 #2 type.registry] 
New type domain.User

[2024-04-12 15:39:10 #3 type.registry] 
New type domain.Driver

[2024-04-12 15:39:10 #4 type] 
Type domain.User is not enhanced.

[2024-04-12 15:39:10 #5 type] 
Type domain.Driver is not enhanced.

[2024-04-12 15:39:10 #6 type.registry] 
New type domain.Ride

[2024-04-12 15:39:10 #7 type.registry] 
New type domain.Car

[2024-04-12 15:39:10 #8 type] 
Type domain.Ride is not enhanced.

[2024-04-12 15:39:10 #9 type.registry] 
New type domain.Booking

[2024-04-12 15:39:10 #10 type] 
Type domain.Car is not enhanced.

[2024-04-12 15:39:10 #11 type] 
Type domain.Booking is not enhanced.

[2024-04-12 15:39:10 #12 type.registry] 
New type domain.Traveler

[2024-04-12 15:39:10 #13 type] 
Type domain.Traveler is not enhanced.

[2024-04-12 15:39:10 #14 type.registry] 
New type java.util.Vector<java.lang.Object>

[2024-04-12 15:39:10 #15 type.registry] 
New type java.util.Vector<domain.Car>

[2024-04-12 15:39:10 #16 type.registry] 
New type java.util.Vector<domain.Ride>

[2024-04-12 15:39:10 #17 type.registry] 
New type java.util.Vector<domain.Booking>

------------------------------------------------------------------------------------------------------------------------

[2024-04-12 16:30:23 #1 store] 
Database 'C:\Users\34688\Desktop\UNI\2.II\2.kuatri\SI\iterazioak\it2\miparteZ\Rides24\src\main\resources\rides.temp' is opened by 10340@LAPTOP-ITGLNV29

[2024-04-12 16:30:23 #2 type.registry] 
New type domain.User

[2024-04-12 16:30:23 #3 type.registry] 
New type domain.Driver

[2024-04-12 16:30:23 #4 type] 
Type domain.User is not enhanced.

[2024-04-12 16:30:23 #5 type] 
Type domain.Driver is not enhanced.

[2024-04-12 16:30:23 #6 type.registry] 
New type domain.Ride

[2024-04-12 16:30:23 #7 type.registry] 
New type domain.Car

[2024-04-12 16:30:23 #8 type] 
Type domain.Ride is not enhanced.

[2024-04-12 16:30:23 #9 type.registry] 
New type domain.Booking

[2024-04-12 16:30:23 #10 type] 
Type domain.Car is not enhanced.

[2024-04-12 16:30:23 #11 type] 
Type domain.Booking is not enhanced.

[2024-04-12 16:30:23 #12 type.registry] 
New type domain.Traveler

[2024-04-12 16:30:23 #13 type] 
Type domain.Traveler is not enhanced.

[2024-04-12 16:30:24 #14 type.registry] 
New type java.util.Vector<java.lang.Object>

[2024-04-12 16:30:24 #15 type.registry] 
New type java.util.Vector<domain.Car>

[2024-04-12 16:30:24 #16 type.registry] 
New type java.util.Vector<domain.Ride>

[2024-04-12 16:30:24 #17 type.registry] 
New type java.util.Vector<domain.Booking>

[2024-04-12 16:30:24 #18 type.registry] 
New type domain.Admin

------------------------------------------------------------------------------------------------------------------------

[2024-04-12 16:32:01 #1 store] 
Database 'C:\Users\34688\Desktop\UNI\2.II\2.kuatri\SI\iterazioak\it2\miparteZ\Rides24\src\main\resources\rides.temp' is opened by 17348@LAPTOP-ITGLNV29

[2024-04-12 16:32:01 #2 type.registry] 
New type domain.User

[2024-04-12 16:32:01 #3 type.registry] 
New type domain.Driver

[2024-04-12 16:32:01 #4 type] 
Type domain.User is not enhanced.

[2024-04-12 16:32:01 #5 type] 
Type domain.Driver is not enhanced.

[2024-04-12 16:32:01 #6 type.registry] 
New type domain.Ride

[2024-04-12 16:32:01 #7 type.registry] 
New type domain.Car

[2024-04-12 16:32:01 #8 type] 
Type domain.Ride is not enhanced.

[2024-04-12 16:32:01 #9 type.registry] 
New type domain.Booking

[2024-04-12 16:32:01 #10 type] 
Type domain.Car is not enhanced.

[2024-04-12 16:32:01 #11 type] 
Type domain.Booking is not enhanced.

[2024-04-12 16:32:01 #12 type.registry] 
New type domain.Traveler

[2024-04-12 16:32:01 #13 type] 
Type domain.Traveler is not enhanced.

[2024-04-12 16:32:01 #14 type.registry] 
New type java.util.Vector<java.lang.Object>

[2024-04-12 16:32:01 #15 type.registry] 
New type java.util.Vector<domain.Car>

[2024-04-12 16:32:01 #16 type.registry] 
New type java.util.Vector<domain.Ride>

[2024-04-12 16:32:01 #17 type.registry] 
New type java.util.Vector<domain.Booking>

[2024-04-12 16:32:01 #18 type.registry] 
New type domain.Admin

[2024-04-12 16:32:01 #19 type] 
Type domain.Admin is not enhanced.

------------------------------------------------------------------------------------------------------------------------

[2024-04-12 16:35:14 #1 store] 
Database 'C:\Users\34688\Desktop\UNI\2.II\2.kuatri\SI\iterazioak\it2\miparteZ\Rides24\src\main\resources\rides.temp' is opened by 28124@LAPTOP-ITGLNV29

[2024-04-12 16:35:14 #2 type.registry] 
New type domain.User

[2024-04-12 16:35:14 #3 type.registry] 
New type domain.Driver

[2024-04-12 16:35:14 #4 type] 
Type domain.User is not enhanced.

[2024-04-12 16:35:14 #5 type] 
Type domain.Driver is not enhanced.

[2024-04-12 16:35:14 #6 type.registry] 
New type domain.Ride

[2024-04-12 16:35:14 #7 type.registry] 
New type domain.Car

[2024-04-12 16:35:14 #8 type] 
Type domain.Ride is not enhanced.

[2024-04-12 16:35:14 #9 type.registry] 
New type domain.Booking

[2024-04-12 16:35:14 #10 type] 
Type domain.Car is not enhanced.

[2024-04-12 16:35:14 #11 type] 
Type domain.Booking is not enhanced.

[2024-04-12 16:35:14 #12 type.registry] 
New type domain.Traveler

[2024-04-12 16:35:14 #13 type] 
Type domain.Traveler is not enhanced.

[2024-04-12 16:35:14 #14 type.registry] 
New type java.util.Vector<java.lang.Object>

[2024-04-12 16:35:14 #15 type.registry] 
New type java.util.Vector<domain.Car>

[2024-04-12 16:35:14 #16 type.registry] 
New type java.util.Vector<domain.Ride>

[2024-04-12 16:35:14 #17 type.registry] 
New type java.util.Vector<domain.Booking>

[2024-04-12 16:35:14 #18 type.registry] 
New type domain.Admin

[2024-04-12 16:35:14 #19 type] 
Type domain.Admin is not enhanced.

------------------------------------------------------------------------------------------------------------------------

[2024-04-12 16:41:20 #1 store] 
Database 'C:\Users\34688\Desktop\UNI\2.II\2.kuatri\SI\iterazioak\it2\miparteZ\Rides24\src\main\resources\rides.temp' is opened by 20808@LAPTOP-ITGLNV29

[2024-04-12 16:41:20 #2 type.registry] 
New type domain.User

[2024-04-12 16:41:20 #3 type.registry] 
New type domain.Driver

[2024-04-12 16:41:20 #4 type] 
Type domain.User is not enhanced.

[2024-04-12 16:41:20 #5 type] 
Type domain.Driver is not enhanced.

[2024-04-12 16:41:20 #6 type.registry] 
New type domain.Ride

[2024-04-12 16:41:20 #7 type.registry] 
New type domain.Car

[2024-04-12 16:41:20 #8 type] 
Type domain.Ride is not enhanced.

[2024-04-12 16:41:20 #9 type.registry] 
New type domain.Booking

[2024-04-12 16:41:20 #10 type] 
Type domain.Car is not enhanced.

[2024-04-12 16:41:20 #11 type] 
Type domain.Booking is not enhanced.

[2024-04-12 16:41:20 #12 type.registry] 
New type domain.Traveler

[2024-04-12 16:41:20 #13 type] 
Type domain.Traveler is not enhanced.

[2024-04-12 16:41:20 #14 type.registry] 
New type java.util.Vector<java.lang.Object>

[2024-04-12 16:41:20 #15 type.registry] 
New type java.util.Vector<domain.Car>

[2024-04-12 16:41:20 #16 type.registry] 
New type java.util.Vector<domain.Ride>

[2024-04-12 16:41:20 #17 type.registry] 
New type java.util.Vector<domain.Booking>

[2024-04-12 16:41:20 #18 type.registry] 
New type domain.Admin

[2024-04-12 16:41:20 #19 type] 
Type domain.Admin is not enhanced.

------------------------------------------------------------------------------------------------------------------------

[2024-04-12 16:43:04 #1 store] 
Database 'C:\Users\34688\Desktop\UNI\2.II\2.kuatri\SI\iterazioak\it2\miparteZ\Rides24\src\main\resources\rides.temp' is opened by 14496@LAPTOP-ITGLNV29

[2024-04-12 16:43:05 #2 type.registry] 
New type domain.User

[2024-04-12 16:43:05 #3 type.registry] 
New type domain.Driver

[2024-04-12 16:43:05 #4 type] 
Type domain.User is not enhanced.

[2024-04-12 16:43:05 #5 type] 
Type domain.Driver is not enhanced.

[2024-04-12 16:43:05 #6 type.registry] 
New type domain.Ride

[2024-04-12 16:43:05 #7 type.registry] 
New type domain.Car

[2024-04-12 16:43:05 #8 type] 
Type domain.Ride is not enhanced.

[2024-04-12 16:43:05 #9 type.registry] 
New type domain.Booking

[2024-04-12 16:43:05 #10 type] 
Type domain.Car is not enhanced.

[2024-04-12 16:43:05 #11 type] 
Type domain.Booking is not enhanced.

[2024-04-12 16:43:05 #12 type.registry] 
New type domain.Traveler

[2024-04-12 16:43:05 #13 type] 
Type domain.Traveler is not enhanced.

[2024-04-12 16:43:05 #14 type.registry] 
New type java.util.Vector<java.lang.Object>

[2024-04-12 16:43:05 #15 type.registry] 
New type java.util.Vector<domain.Car>

[2024-04-12 16:43:05 #16 type.registry] 
New type java.util.Vector<domain.Ride>

[2024-04-12 16:43:05 #17 type.registry] 
New type java.util.Vector<domain.Booking>

[2024-04-12 16:43:05 #18 type.registry] 
New type domain.Admin

[2024-04-12 16:43:05 #19 type] 
Type domain.Admin is not enhanced.

------------------------------------------------------------------------------------------------------------------------

[2024-04-12 16:44:33 #1 store] 
Database 'C:\Users\34688\Desktop\UNI\2.II\2.kuatri\SI\iterazioak\it2\miparteZ\Rides24\src\main\resources\rides.temp' is opened by 9464@LAPTOP-ITGLNV29

[2024-04-12 16:44:33 #2 type.registry] 
New type domain.User

[2024-04-12 16:44:33 #3 type.registry] 
New type domain.Driver

[2024-04-12 16:44:33 #4 type] 
Type domain.User is not enhanced.

[2024-04-12 16:44:33 #5 type] 
Type domain.Driver is not enhanced.

[2024-04-12 16:44:33 #6 type.registry] 
New type domain.Ride

[2024-04-12 16:44:33 #7 type.registry] 
New type domain.Car

[2024-04-12 16:44:33 #8 type] 
Type domain.Ride is not enhanced.

[2024-04-12 16:44:33 #9 type.registry] 
New type domain.Booking

[2024-04-12 16:44:33 #10 type] 
Type domain.Car is not enhanced.

[2024-04-12 16:44:33 #11 type] 
Type domain.Booking is not enhanced.

[2024-04-12 16:44:33 #12 type.registry] 
New type domain.Traveler

[2024-04-12 16:44:33 #13 type] 
Type domain.Traveler is not enhanced.

[2024-04-12 16:44:33 #14 type.registry] 
New type java.util.Vector<java.lang.Object>

[2024-04-12 16:44:33 #15 type.registry] 
New type java.util.Vector<domain.Car>

[2024-04-12 16:44:33 #16 type.registry] 
New type java.util.Vector<domain.Ride>

[2024-04-12 16:44:33 #17 type.registry] 
New type java.util.Vector<domain.Booking>

[2024-04-12 16:44:33 #18 type.registry] 
New type domain.Admin

[2024-04-12 16:44:33 #19 type] 
Type domain.Admin is not enhanced.

------------------------------------------------------------------------------------------------------------------------

[2024-04-12 16:46:50 #1 store] 
Database 'C:\Users\34688\Desktop\UNI\2.II\2.kuatri\SI\iterazioak\it2\miparteZ\Rides24\src\main\resources\rides.temp' is opened by 26388@LAPTOP-ITGLNV29

[2024-04-12 16:46:50 #2 type.registry] 
New type domain.User

[2024-04-12 16:46:50 #3 type.registry] 
New type domain.Driver

[2024-04-12 16:46:50 #4 type] 
Type domain.User is not enhanced.

[2024-04-12 16:46:50 #5 type] 
Type domain.Driver is not enhanced.

[2024-04-12 16:46:50 #6 type.registry] 
New type domain.Ride

[2024-04-12 16:46:50 #7 type.registry] 
New type domain.Car

[2024-04-12 16:46:50 #8 type] 
Type domain.Ride is not enhanced.

[2024-04-12 16:46:50 #9 type.registry] 
New type domain.Booking

[2024-04-12 16:46:50 #10 type] 
Type domain.Car is not enhanced.

[2024-04-12 16:46:50 #11 type] 
Type domain.Booking is not enhanced.

[2024-04-12 16:46:50 #12 type.registry] 
New type domain.Traveler

[2024-04-12 16:46:50 #13 type] 
Type domain.Traveler is not enhanced.

[2024-04-12 16:46:50 #14 type.registry] 
New type java.util.Vector<java.lang.Object>

[2024-04-12 16:46:50 #15 type.registry] 
New type java.util.Vector<domain.Car>

[2024-04-12 16:46:50 #16 type.registry] 
New type java.util.Vector<domain.Ride>

[2024-04-12 16:46:50 #17 type.registry] 
New type java.util.Vector<domain.Booking>

[2024-04-12 16:46:50 #18 type.registry] 
New type domain.Admin

[2024-04-12 16:46:50 #19 type] 
Type domain.Admin is not enhanced.

------------------------------------------------------------------------------------------------------------------------

[2024-04-12 16:48:26 #1 store] 
Database 'C:\Users\34688\Desktop\UNI\2.II\2.kuatri\SI\iterazioak\it2\miparteZ\Rides24\src\main\resources\rides.temp' is opened by 21880@LAPTOP-ITGLNV29

[2024-04-12 16:48:27 #2 type.registry] 
New type domain.User

[2024-04-12 16:48:27 #3 type.registry] 
New type domain.Driver

[2024-04-12 16:48:27 #4 type] 
Type domain.User is not enhanced.

[2024-04-12 16:48:27 #5 type] 
Type domain.Driver is not enhanced.

[2024-04-12 16:48:27 #6 type.registry] 
New type domain.Ride

[2024-04-12 16:48:27 #7 type.registry] 
New type domain.Car

[2024-04-12 16:48:27 #8 type] 
Type domain.Ride is not enhanced.

[2024-04-12 16:48:27 #9 type.registry] 
New type domain.Booking

[2024-04-12 16:48:27 #10 type] 
Type domain.Car is not enhanced.

[2024-04-12 16:48:27 #11 type] 
Type domain.Booking is not enhanced.

[2024-04-12 16:48:27 #12 type.registry] 
New type domain.Traveler

[2024-04-12 16:48:27 #13 type] 
Type domain.Traveler is not enhanced.

[2024-04-12 16:48:27 #14 type.registry] 
New type java.util.Vector<java.lang.Object>

[2024-04-12 16:48:27 #15 type.registry] 
New type java.util.Vector<domain.Car>

[2024-04-12 16:48:27 #16 type.registry] 
New type java.util.Vector<domain.Ride>

[2024-04-12 16:48:27 #17 type.registry] 
New type java.util.Vector<domain.Booking>

[2024-04-12 16:48:27 #18 type.registry] 
New type domain.Admin

[2024-04-12 16:48:27 #19 type] 
Type domain.Admin is not enhanced.

------------------------------------------------------------------------------------------------------------------------

[2024-04-12 16:50:36 #1 store] 
Database 'C:\Users\34688\Desktop\UNI\2.II\2.kuatri\SI\iterazioak\it2\miparteZ\Rides24\src\main\resources\rides.temp' is opened by 28596@LAPTOP-ITGLNV29

[2024-04-12 16:50:36 #2 type.registry] 
New type domain.User

[2024-04-12 16:50:36 #3 type.registry] 
New type domain.Driver

[2024-04-12 16:50:36 #4 type] 
Type domain.User is not enhanced.

[2024-04-12 16:50:36 #5 type] 
Type domain.Driver is not enhanced.

[2024-04-12 16:50:36 #6 type.registry] 
New type domain.Ride

[2024-04-12 16:50:36 #7 type.registry] 
New type domain.Car

[2024-04-12 16:50:36 #8 type] 
Type domain.Ride is not enhanced.

[2024-04-12 16:50:36 #9 type.registry] 
New type domain.Booking

[2024-04-12 16:50:36 #10 type] 
Type domain.Car is not enhanced.

[2024-04-12 16:50:36 #11 type] 
Type domain.Booking is not enhanced.

[2024-04-12 16:50:36 #12 type.registry] 
New type domain.Traveler

[2024-04-12 16:50:36 #13 type] 
Type domain.Traveler is not enhanced.

[2024-04-12 16:50:36 #14 type.registry] 
New type domain.Admin

[2024-04-12 16:50:36 #15 type] 
Type domain.Admin is not enhanced.

[2024-04-12 16:50:36 #16 type.registry] 
New type java.util.Vector<java.lang.Object>

[2024-04-12 16:50:36 #17 type.registry] 
New type java.util.Vector<domain.Car>

[2024-04-12 16:50:36 #18 type.registry] 
New type java.util.Vector<domain.Ride>

[2024-04-12 16:50:36 #19 type.registry] 
New type java.util.Vector<domain.Booking>

------------------------------------------------------------------------------------------------------------------------

[2024-04-12 16:53:05 #1 store] 
Database 'C:\Users\34688\Desktop\UNI\2.II\2.kuatri\SI\iterazioak\it2\miparteZ\Rides24\src\main\resources\rides.temp' is opened by 27412@LAPTOP-ITGLNV29

[2024-04-12 16:53:06 #2 type.registry] 
New type domain.User

[2024-04-12 16:53:06 #3 type.registry] 
New type domain.Driver

[2024-04-12 16:53:06 #4 type] 
Type domain.User is not enhanced.

[2024-04-12 16:53:06 #5 type] 
Type domain.Driver is not enhanced.

[2024-04-12 16:53:06 #6 type.registry] 
New type domain.Ride

[2024-04-12 16:53:06 #7 type.registry] 
New type domain.Car

[2024-04-12 16:53:06 #8 type] 
Type domain.Ride is not enhanced.

[2024-04-12 16:53:06 #9 type.registry] 
New type domain.Booking

[2024-04-12 16:53:06 #10 type] 
Type domain.Car is not enhanced.

[2024-04-12 16:53:06 #11 type] 
Type domain.Booking is not enhanced.

[2024-04-12 16:53:06 #12 type.registry] 
New type domain.Traveler

[2024-04-12 16:53:06 #13 type] 
Type domain.Traveler is not enhanced.

[2024-04-12 16:53:06 #14 type.registry] 
New type domain.Admin

[2024-04-12 16:53:06 #15 type] 
Type domain.Admin is not enhanced.

[2024-04-12 16:53:06 #16 type.registry] 
New type java.util.Vector<java.lang.Object>

[2024-04-12 16:53:06 #17 type.registry] 
New type java.util.Vector<domain.Car>

[2024-04-12 16:53:06 #18 type.registry] 
New type java.util.Vector<domain.Ride>

[2024-04-12 16:53:06 #19 type.registry] 
New type java.util.Vector<domain.Booking>

------------------------------------------------------------------------------------------------------------------------

[2024-04-12 16:54:49 #1 store] 
Database 'C:\Users\34688\Desktop\UNI\2.II\2.kuatri\SI\iterazioak\it2\miparteZ\Rides24\src\main\resources\rides.temp' is opened by 25376@LAPTOP-ITGLNV29

[2024-04-12 16:54:49 #2 type.registry] 
New type domain.User

[2024-04-12 16:54:49 #3 type.registry] 
New type domain.Driver

[2024-04-12 16:54:49 #4 type] 
Type domain.User is not enhanced.

[2024-04-12 16:54:49 #5 type] 
Type domain.Driver is not enhanced.

[2024-04-12 16:54:49 #6 type.registry] 
New type domain.Ride

[2024-04-12 16:54:49 #7 type.registry] 
New type domain.Car

[2024-04-12 16:54:49 #8 type] 
Type domain.Ride is not enhanced.

[2024-04-12 16:54:49 #9 type.registry] 
New type domain.Booking

[2024-04-12 16:54:49 #10 type] 
Type domain.Car is not enhanced.

[2024-04-12 16:54:49 #11 type] 
Type domain.Booking is not enhanced.

[2024-04-12 16:54:49 #12 type.registry] 
New type domain.Traveler

[2024-04-12 16:54:49 #13 type] 
Type domain.Traveler is not enhanced.

[2024-04-12 16:54:49 #14 type.registry] 
New type domain.Admin

[2024-04-12 16:54:49 #15 type] 
Type domain.Admin is not enhanced.

[2024-04-12 16:54:49 #16 type.registry] 
New type java.util.Vector<java.lang.Object>

[2024-04-12 16:54:49 #17 type.registry] 
New type java.util.Vector<domain.Car>

[2024-04-12 16:54:49 #18 type.registry] 
New type java.util.Vector<domain.Ride>

[2024-04-12 16:54:49 #19 type.registry] 
New type java.util.Vector<domain.Booking>

